<?xml version="1.0" encoding="UTF-8" standalone="yes"?>
<ns2:test-suite start="1488553831993" stop="1488553928254" version="1.4.24.RC3" xmlns:ns2="urn:model.allure.qatools.yandex.ru">
    <name>Default Suite : AerlinesTaf</name>
    <title>Default Suite : AerlinesTaf</title>
    <test-cases>
        <test-case start="1488553855681" stop="1488553875667" status="broken">
            <name>testHireCar</name>
            <failure>
                <message>NullPointerException: null</message>
                <stack-trace>java.lang.NullPointerException
	at sun.reflect.NativeMethodAccessorImpl.invoke0(Native Method)
	at sun.reflect.NativeMethodAccessorImpl.invoke(NativeMethodAccessorImpl.java:62)
	at sun.reflect.DelegatingMethodAccessorImpl.invoke(DelegatingMethodAccessorImpl.java:43)
	at java.lang.reflect.Method.invoke(Method.java:498)
	at org.openqa.selenium.support.pagefactory.internal.LocatingElementHandler.invoke(LocatingElementHandler.java:51)
	at com.sun.proxy.$Proxy9.click(Unknown Source)
	at com.epam.tat.airlines.taf.page.CarHirePage.open(CarHirePage.java:46)
	at com.epam.tat.airlines.taf.test.CarHireTest.testHireCar(CarHireTest.java:22)
	at sun.reflect.NativeMethodAccessorImpl.invoke0(Native Method)
	at sun.reflect.NativeMethodAccessorImpl.invoke(NativeMethodAccessorImpl.java:62)
	at sun.reflect.DelegatingMethodAccessorImpl.invoke(DelegatingMethodAccessorImpl.java:43)
	at java.lang.reflect.Method.invoke(Method.java:498)
	at org.testng.internal.MethodInvocationHelper.invokeMethod(MethodInvocationHelper.java:104)
	at org.testng.internal.Invoker.invokeMethod(Invoker.java:645)
	at org.testng.internal.Invoker.invokeTestMethod(Invoker.java:851)
	at org.testng.internal.Invoker.invokeTestMethods(Invoker.java:1177)
	at org.testng.internal.TestMethodWorker.invokeTestMethods(TestMethodWorker.java:129)
	at org.testng.internal.TestMethodWorker.run(TestMethodWorker.java:112)
	at org.testng.TestRunner.privateRun(TestRunner.java:756)
	at org.testng.TestRunner.run(TestRunner.java:610)
	at org.testng.SuiteRunner.runTest(SuiteRunner.java:387)
	at org.testng.SuiteRunner.runSequentially(SuiteRunner.java:382)
	at org.testng.SuiteRunner.privateRun(SuiteRunner.java:340)
	at org.testng.SuiteRunner.run(SuiteRunner.java:289)
	at org.testng.SuiteRunnerWorker.runSuite(SuiteRunnerWorker.java:52)
	at org.testng.SuiteRunnerWorker.run(SuiteRunnerWorker.java:86)
	at org.testng.TestNG.runSuitesSequentially(TestNG.java:1293)
	at org.testng.TestNG.runSuitesLocally(TestNG.java:1218)
	at org.testng.TestNG.runSuites(TestNG.java:1133)
	at org.testng.TestNG.run(TestNG.java:1104)
	at org.testng.IDEARemoteTestNG.run(IDEARemoteTestNG.java:72)
	at org.testng.RemoteTestNGStarter.main(RemoteTestNGStarter.java:127)
	at sun.reflect.NativeMethodAccessorImpl.invoke0(Native Method)
	at sun.reflect.NativeMethodAccessorImpl.invoke(NativeMethodAccessorImpl.java:62)
	at sun.reflect.DelegatingMethodAccessorImpl.invoke(DelegatingMethodAccessorImpl.java:43)
	at java.lang.reflect.Method.invoke(Method.java:498)
	at com.intellij.rt.execution.application.AppMain.main(AppMain.java:147)
</stack-trace>
            </failure>
            <steps/>
            <attachments/>
            <labels>
                <label name="testSuite" value="Default Suite"/>
                <label name="testGroup" value="AerlinesTaf"/>
                <label name="testClass" value="com.epam.tat.airlines.taf.test.CarHireTest"/>
                <label name="testMethod" value="testHireCar"/>
                <label name="host" value="machine-X551CAP"/>
                <label name="thread" value="14795@machine-X551CAP.main(1)"/>
            </labels>
        </test-case>
        <test-case start="1488553882889" stop="1488553899376" status="passed">
            <name>childCanNotTakeInfant</name>
            <steps/>
            <attachments/>
            <labels>
                <label name="testSuite" value="Default Suite"/>
                <label name="testGroup" value="AerlinesTaf"/>
                <label name="testClass" value="com.epam.tat.airlines.taf.test.HomePageTest"/>
                <label name="testMethod" value="childCanNotTakeInfant"/>
                <label name="host" value="machine-X551CAP"/>
                <label name="thread" value="14795@machine-X551CAP.main(1)"/>
            </labels>
        </test-case>
        <test-case start="1488553906753" stop="1488553914688" status="passed">
            <name>oneAdultCanCarryOnlyOneInfantTest</name>
            <steps/>
            <attachments/>
            <labels>
                <label name="testSuite" value="Default Suite"/>
                <label name="testGroup" value="AerlinesTaf"/>
                <label name="testClass" value="com.epam.tat.airlines.taf.test.HomePageTest"/>
                <label name="testMethod" value="oneAdultCanCarryOnlyOneInfantTest"/>
                <label name="host" value="machine-X551CAP"/>
                <label name="thread" value="14795@machine-X551CAP.main(1)"/>
            </labels>
        </test-case>
    </test-cases>
    <labels>
        <label name="framework" value="TestNG"/>
        <label name="language" value="JAVA"/>
    </labels>
</ns2:test-suite>
