<?xml version="1.0" encoding="UTF-8" standalone="yes"?>
<ns2:test-suite start="1488551233101" stop="1488551290530" version="1.4.24.RC3" xmlns:ns2="urn:model.allure.qatools.yandex.ru">
    <name>Default Suite : AerlinesTaf</name>
    <title>Default Suite : AerlinesTaf</title>
    <test-cases>
        <test-case start="1488551247362" stop="1488551271788" status="passed">
            <name>testHireCar</name>
            <steps/>
            <attachments/>
            <labels>
                <label name="testSuite" value="Default Suite"/>
                <label name="testGroup" value="AerlinesTaf"/>
                <label name="testClass" value="com.epam.tat.airlines.taf.test.CarHireTest"/>
                <label name="testMethod" value="testHireCar"/>
                <label name="host" value="machine-X551CAP"/>
                <label name="thread" value="13224@machine-X551CAP.main(1)"/>
            </labels>
        </test-case>
        <test-case start="1488551271835" stop="1488551279906" status="passed">
            <name>childCanNotTakeInfant</name>
            <steps/>
            <attachments/>
            <labels>
                <label name="testSuite" value="Default Suite"/>
                <label name="testGroup" value="AerlinesTaf"/>
                <label name="testClass" value="com.epam.tat.airlines.taf.test.HomePageTest"/>
                <label name="testMethod" value="childCanNotTakeInfant"/>
                <label name="host" value="machine-X551CAP"/>
                <label name="thread" value="13224@machine-X551CAP.main(1)"/>
            </labels>
        </test-case>
        <test-case start="1488551281302" stop="1488551290329" status="passed">
            <name>oneAdultCanTakeOneInfant</name>
            <steps/>
            <attachments/>
            <labels>
                <label name="testSuite" value="Default Suite"/>
                <label name="testGroup" value="AerlinesTaf"/>
                <label name="testClass" value="com.epam.tat.airlines.taf.test.HomePageTest"/>
                <label name="testMethod" value="oneAdultCanTakeOneInfant"/>
                <label name="host" value="machine-X551CAP"/>
                <label name="thread" value="13224@machine-X551CAP.main(1)"/>
            </labels>
        </test-case>
        <test-case start="1488551290485" stop="1488551290513" status="broken">
            <name>tearDown</name>
            <description>@AfterTest</description>
            <failure>
                <message>NullPointerException: null</message>
                <stack-trace>java.lang.NullPointerException
	at com.epam.tat.airlines.taf.driver.DriverSingleton.closeDriver(DriverSingleton.java:28)
	at com.epam.tat.airlines.taf.test.CarHireTest.tearDown(CarHireTest.java:32)
	at sun.reflect.NativeMethodAccessorImpl.invoke0(Native Method)
	at sun.reflect.NativeMethodAccessorImpl.invoke(NativeMethodAccessorImpl.java:62)
	at sun.reflect.DelegatingMethodAccessorImpl.invoke(DelegatingMethodAccessorImpl.java:43)
	at java.lang.reflect.Method.invoke(Method.java:498)
	at org.testng.internal.MethodInvocationHelper.invokeMethod(MethodInvocationHelper.java:104)
	at org.testng.internal.Invoker.invokeConfigurationMethod(Invoker.java:515)
	at org.testng.internal.Invoker.invokeConfigurations(Invoker.java:217)
	at org.testng.internal.Invoker.invokeConfigurations(Invoker.java:144)
	at org.testng.TestRunner.afterRun(TestRunner.java:983)
	at org.testng.TestRunner.run(TestRunner.java:614)
	at org.testng.SuiteRunner.runTest(SuiteRunner.java:387)
	at org.testng.SuiteRunner.runSequentially(SuiteRunner.java:382)
	at org.testng.SuiteRunner.privateRun(SuiteRunner.java:340)
	at org.testng.SuiteRunner.run(SuiteRunner.java:289)
	at org.testng.SuiteRunnerWorker.runSuite(SuiteRunnerWorker.java:52)
	at org.testng.SuiteRunnerWorker.run(SuiteRunnerWorker.java:86)
	at org.testng.TestNG.runSuitesSequentially(TestNG.java:1293)
	at org.testng.TestNG.runSuitesLocally(TestNG.java:1218)
	at org.testng.TestNG.runSuites(TestNG.java:1133)
	at org.testng.TestNG.run(TestNG.java:1104)
	at org.testng.IDEARemoteTestNG.run(IDEARemoteTestNG.java:72)
	at org.testng.RemoteTestNGStarter.main(RemoteTestNGStarter.java:127)
	at sun.reflect.NativeMethodAccessorImpl.invoke0(Native Method)
	at sun.reflect.NativeMethodAccessorImpl.invoke(NativeMethodAccessorImpl.java:62)
	at sun.reflect.DelegatingMethodAccessorImpl.invoke(DelegatingMethodAccessorImpl.java:43)
	at java.lang.reflect.Method.invoke(Method.java:498)
	at com.intellij.rt.execution.application.AppMain.main(AppMain.java:147)
</stack-trace>
            </failure>
            <steps/>
            <attachments/>
            <labels>
                <label name="host" value="machine-X551CAP"/>
                <label name="thread" value="13224@machine-X551CAP.main(1)"/>
            </labels>
        </test-case>
    </test-cases>
    <labels>
        <label name="framework" value="TestNG"/>
        <label name="language" value="JAVA"/>
    </labels>
</ns2:test-suite>
